Base path: 'C:/Program Files/Unity/Hub/Editor/2019.3.3f1/Editor/Data', plugins path 'C:/Program Files/Unity/Hub/Editor/2019.3.3f1/Editor/Data/PlaybackEngines'
Cmd: initializeCompiler
Cmd: preprocessCompute
  insize=7068 outsize=7070 ok=1
Cmd: preprocessCompute
  insize=6505 outsize=6507 ok=1
Cmd: preprocess
  insize=41909 outsize=605 ok=1
Cmd: preprocessCompute
  insize=1975 outsize=1977 ok=1
Cmd: preprocessCompute
  insize=7068 outsize=7070 ok=1
Cmd: preprocessCompute
  insize=6505 outsize=6507 ok=1
Cmd: preprocess
  insize=41909 outsize=605 ok=1
Cmd: preprocessCompute
  insize=1975 outsize=1977 ok=1
Cmd: preprocessCompute
  insize=7068 outsize=7070 ok=1
Cmd: preprocessCompute
  insize=6505 outsize=6507 ok=1
Cmd: preprocess
  insize=41416 outsize=605 ok=1
Cmd: preprocessCompute
  insize=1975 outsize=1977 ok=1
Cmd: preprocessCompute
  insize=7068 outsize=7070 ok=1
Cmd: preprocessCompute
  insize=6505 outsize=6507 ok=1
Cmd: preprocess
  insize=41416 outsize=605 ok=1
Cmd: preprocessCompute
  insize=1975 outsize=1977 ok=1
Cmd: preprocessCompute
  insize=7068 outsize=7070 ok=1
Cmd: preprocessCompute
  insize=6505 outsize=6507 ok=1
Cmd: preprocess
  insize=41449 outsize=605 ok=1
Cmd: preprocessCompute
  insize=1975 outsize=1977 ok=1
Cmd: preprocessCompute
  insize=7068 outsize=7070 ok=1
Cmd: preprocessCompute
  insize=6505 outsize=6507 ok=1
Cmd: preprocess
  insize=41449 outsize=605 ok=1
Cmd: preprocessCompute
  insize=1975 outsize=1977 ok=1
Cmd: preprocessCompute
  insize=7068 outsize=7070 ok=1
Cmd: preprocessCompute
  insize=6505 outsize=6507 ok=1
Cmd: preprocess
  insize=41449 outsize=605 ok=1
Cmd: preprocessCompute
  insize=1975 outsize=1977 ok=1
Cmd: preprocessCompute
  insize=7068 outsize=7070 ok=1
Cmd: preprocessCompute
  insize=6505 outsize=6507 ok=1
Cmd: preprocess
  insize=41449 outsize=605 ok=1
Cmd: preprocessCompute
  insize=1975 outsize=1977 ok=1
Cmd: compileSnippet
  api=4 type=0 insize=7255 outsize=1630 kw=_PIXEL_DISPLACEMENT _DISPLACEMENT_LOCK_TILING_SCALE _PIXEL_DISPLACEMENT_LOCK_OBJECT_SCALE _MASKMAP _EMISSIVE_COLOR_MAP _HEIGHTMAP _DETAIL_MAP _MATERIAL_FEATURE_TRANSMISSION pd=UNITY_ENABLE_REFLECTION_BUFFERS UNITY_USE_DITHER_MASK_FOR_ALPHABLENDED_SHADOWS UNITY_PBS_USE_BRDF1 UNITY_SPECCUBE_BOX_PROJECTION UNITY_SPECCUBE_BLENDING UNITY_ENABLE_DETAIL_NORMALMAP SHADER_API_DESKTOP UNITY_LIGHT_PROBE_PROXY_VOLUME UNITY_LIGHTMAP_FULL_HDR ok=1
Cmd: compileSnippet
  api=4 type=1 insize=7255 outsize=370 kw=_PIXEL_DISPLACEMENT _DISPLACEMENT_LOCK_TILING_SCALE _PIXEL_DISPLACEMENT_LOCK_OBJECT_SCALE _MASKMAP _EMISSIVE_COLOR_MAP _HEIGHTMAP _DETAIL_MAP _MATERIAL_FEATURE_TRANSMISSION pd=UNITY_ENABLE_REFLECTION_BUFFERS UNITY_USE_DITHER_MASK_FOR_ALPHABLENDED_SHADOWS UNITY_PBS_USE_BRDF1 UNITY_SPECCUBE_BOX_PROJECTION UNITY_SPECCUBE_BLENDING UNITY_ENABLE_DETAIL_NORMALMAP SHADER_API_DESKTOP UNITY_LIGHT_PROBE_PROXY_VOLUME UNITY_LIGHTMAP_FULL_HDR ok=1
Cmd: preprocessCompute
  insize=7068 outsize=7070 ok=1
Cmd: preprocessCompute
  insize=6505 outsize=6507 ok=1
Cmd: preprocess
  insize=41416 outsize=605 ok=1
Cmd: preprocessCompute
  insize=1975 outsize=1977 ok=1
Cmd: preprocessCompute
  insize=7067 outsize=7069 ok=1
Cmd: compileComputeKernel
  api=4 insize=7069 outsize=1394 ok=1
Cmd: preprocessCompute
  insize=6501 outsize=6503 ok=1
Cmd: compileComputeKernel
  api=4 insize=6503 outsize=1740 ok=1
Cmd: preprocess
  insize=39320 outsize=605 ok=1
Cmd: preprocessCompute
  insize=1975 outsize=1977 ok=1
Cmd: preprocessCompute
  insize=7067 outsize=7069 ok=1
Cmd: preprocessCompute
  insize=6501 outsize=6503 ok=1
Cmd: preprocess
  insize=39307 outsize=606 ok=1
Cmd: preprocessCompute
  insize=1975 outsize=1977 ok=1
Cmd: preprocessCompute
  insize=7067 outsize=7069 ok=1
Cmd: preprocessCompute
  insize=6501 outsize=6503 ok=1
Cmd: preprocess
  insize=39307 outsize=606 ok=1
Cmd: preprocessCompute
  insize=1975 outsize=1977 ok=1
Cmd: preprocessCompute
  insize=7068 outsize=7070 ok=1
Cmd: preprocessCompute
  insize=6505 outsize=6507 ok=1
Cmd: preprocess
  insize=41721 outsize=605 ok=1
Cmd: preprocessCompute
  insize=1975 outsize=1977 ok=1
Cmd: preprocessCompute
  insize=7068 outsize=7070 ok=1
Cmd: preprocessCompute
  insize=6505 outsize=6507 ok=1
Cmd: preprocess
  insize=41403 outsize=605 ok=1
Cmd: preprocessCompute
  insize=1975 outsize=1977 ok=1
Cmd: preprocessCompute
  insize=7068 outsize=7070 ok=1
Cmd: preprocessCompute
  insize=6505 outsize=6507 ok=1
Cmd: preprocess
  insize=41403 outsize=605 ok=1
Cmd: preprocessCompute
  insize=1975 outsize=1977 ok=1
Cmd: compileSnippet
  api=4 type=0 insize=7255 outsize=1034 kw=_ALPHATEST_ON _NORMALMAP_TANGENT_SPACE _NORMALMAP _EMISSIVE_COLOR_MAP _DETAIL_MAP pd=UNITY_ENABLE_REFLECTION_BUFFERS UNITY_USE_DITHER_MASK_FOR_ALPHABLENDED_SHADOWS UNITY_PBS_USE_BRDF1 UNITY_SPECCUBE_BOX_PROJECTION UNITY_SPECCUBE_BLENDING UNITY_ENABLE_DETAIL_NORMALMAP SHADER_API_DESKTOP UNITY_LIGHT_PROBE_PROXY_VOLUME UNITY_LIGHTMAP_FULL_HDR ok=1
Cmd: compileSnippet
  api=4 type=1 insize=7255 outsize=606 kw=_ALPHATEST_ON _NORMALMAP_TANGENT_SPACE _NORMALMAP _EMISSIVE_COLOR_MAP _DETAIL_MAP pd=UNITY_ENABLE_REFLECTION_BUFFERS UNITY_USE_DITHER_MASK_FOR_ALPHABLENDED_SHADOWS UNITY_PBS_USE_BRDF1 UNITY_SPECCUBE_BOX_PROJECTION UNITY_SPECCUBE_BLENDING UNITY_ENABLE_DETAIL_NORMALMAP SHADER_API_DESKTOP UNITY_LIGHT_PROBE_PROXY_VOLUME UNITY_LIGHTMAP_FULL_HDR ok=1
